22:53:35.305 [main] INFO  api.tests.DataDrivenTests - ******************Get User*********************
22:53:36.775 [main] INFO  api.tests.DataDrivenTests - ******************Get User Executed *********************
22:53:36.776 [main] INFO  api.tests.DataDrivenTests - ******************Get User*********************
22:53:38.169 [main] INFO  api.tests.DataDrivenTests - ******************Get User Executed *********************
22:53:38.169 [main] INFO  api.tests.DataDrivenTests - ******************Get User*********************
22:53:54.255 [main] INFO  api.tests.DataDrivenTests - ******************Get User Executed *********************
22:53:54.258 [main] DEBUG org.apache.poi.openxml4j.opc.PackageRelationshipCollection - Parsing relationship: /xl/_rels/workbook.xml.rels
22:53:54.258 [main] DEBUG org.apache.poi.openxml4j.opc.PackageRelationshipCollection - Parsing relationship: /xl/worksheets/_rels/sheet1.xml.rels
22:53:54.258 [main] DEBUG org.apache.poi.openxml4j.opc.PackageRelationshipCollection - Parsing relationship: /_rels/.rels
22:53:54.264 [main] DEBUG org.apache.poi.openxml4j.opc.PackageRelationshipCollection - Parsing relationship: /xl/_rels/workbook.xml.rels
22:53:54.264 [main] DEBUG org.apache.poi.openxml4j.opc.PackageRelationshipCollection - Parsing relationship: /xl/worksheets/_rels/sheet1.xml.rels
22:53:54.265 [main] DEBUG org.apache.poi.openxml4j.opc.PackageRelationshipCollection - Parsing relationship: /_rels/.rels
22:53:54.271 [main] DEBUG org.apache.poi.openxml4j.opc.PackageRelationshipCollection - Parsing relationship: /xl/_rels/workbook.xml.rels
22:53:54.272 [main] DEBUG org.apache.poi.openxml4j.opc.PackageRelationshipCollection - Parsing relationship: /xl/worksheets/_rels/sheet1.xml.rels
22:53:54.272 [main] DEBUG org.apache.poi.openxml4j.opc.PackageRelationshipCollection - Parsing relationship: /_rels/.rels
22:53:54.279 [main] DEBUG org.apache.poi.openxml4j.opc.PackageRelationshipCollection - Parsing relationship: /xl/_rels/workbook.xml.rels
22:53:54.279 [main] DEBUG org.apache.poi.openxml4j.opc.PackageRelationshipCollection - Parsing relationship: /xl/worksheets/_rels/sheet1.xml.rels
22:53:54.279 [main] DEBUG org.apache.poi.openxml4j.opc.PackageRelationshipCollection - Parsing relationship: /_rels/.rels
22:53:54.284 [main] INFO  api.tests.DataDrivenTests - ******************Delete User*********************
22:53:56.502 [main] INFO  api.tests.DataDrivenTests - ******************Delete User*********************
22:53:57.929 [main] INFO  api.tests.DataDrivenTests - ******************Delete User*********************
